2017-07-15 09:36:29 [-][-][-][error][yii\db\Exception] PDOException: SQLSTATE[HY000] [1049] Unknown database 'yii2advanced' in C:\xampp\htdocs\project_2017\radiojob\vendor\yiisoft\yii2\db\Connection.php:646
Stack trace:
#0 C:\xampp\htdocs\project_2017\radiojob\vendor\yiisoft\yii2\db\Connection.php(646): PDO->__construct('mysql:host=loca...', 'root', '', NULL)
#1 C:\xampp\htdocs\project_2017\radiojob\vendor\yiisoft\yii2\db\Connection.php(579): yii\db\Connection->createPdoInstance()
#2 C:\xampp\htdocs\project_2017\radiojob\vendor\yiisoft\yii2\db\Connection.php(928): yii\db\Connection->open()
#3 C:\xampp\htdocs\project_2017\radiojob\vendor\yiisoft\yii2\db\Connection.php(915): yii\db\Connection->getMasterPdo()
#4 C:\xampp\htdocs\project_2017\radiojob\vendor\yiisoft\yii2\db\Command.php(219): yii\db\Connection->getSlavePdo()
#5 C:\xampp\htdocs\project_2017\radiojob\vendor\yiisoft\yii2\db\Command.php(910): yii\db\Command->prepare(true)
#6 C:\xampp\htdocs\project_2017\radiojob\vendor\yiisoft\yii2\db\Command.php(362): yii\db\Command->queryInternal('fetchAll', NULL)
#7 C:\xampp\htdocs\project_2017\radiojob\vendor\yiisoft\yii2\db\mysql\Schema.php(199): yii\db\Command->queryAll()
#8 C:\xampp\htdocs\project_2017\radiojob\vendor\yiisoft\yii2\db\mysql\Schema.php(98): yii\db\mysql\Schema->findColumns(Object(yii\db\TableSchema))
#9 C:\xampp\htdocs\project_2017\radiojob\vendor\yiisoft\yii2\db\Schema.php(152): yii\db\mysql\Schema->loadTableSchema('migration')
#10 C:\xampp\htdocs\project_2017\radiojob\vendor\yiisoft\yii2\console\controllers\MigrateController.php(194): yii\db\Schema->getTableSchema('{{%migration}}', true)
#11 C:\xampp\htdocs\project_2017\radiojob\vendor\yiisoft\yii2\console\controllers\BaseMigrateController.php(814): yii\console\controllers\MigrateController->getMigrationHistory(NULL)
#12 C:\xampp\htdocs\project_2017\radiojob\vendor\yiisoft\yii2\console\controllers\BaseMigrateController.php(155): yii\console\controllers\BaseMigrateController->getNewMigrations()
#13 [internal function]: yii\console\controllers\BaseMigrateController->actionUp(0)
#14 C:\xampp\htdocs\project_2017\radiojob\vendor\yiisoft\yii2\base\InlineAction.php(57): call_user_func_array(Array, Array)
#15 C:\xampp\htdocs\project_2017\radiojob\vendor\yiisoft\yii2\base\Controller.php(156): yii\base\InlineAction->runWithParams(Array)
#16 C:\xampp\htdocs\project_2017\radiojob\vendor\yiisoft\yii2\console\Controller.php(128): yii\base\Controller->runAction('', Array)
#17 C:\xampp\htdocs\project_2017\radiojob\vendor\yiisoft\yii2\base\Module.php(523): yii\console\Controller->runAction('', Array)
#18 C:\xampp\htdocs\project_2017\radiojob\vendor\yiisoft\yii2\console\Application.php(180): yii\base\Module->runAction('migrate', Array)
#19 C:\xampp\htdocs\project_2017\radiojob\vendor\yiisoft\yii2\console\Application.php(147): yii\console\Application->runAction('migrate', Array)
#20 C:\xampp\htdocs\project_2017\radiojob\vendor\yiisoft\yii2\base\Application.php(380): yii\console\Application->handleRequest(Object(yii\console\Request))
#21 C:\xampp\htdocs\project_2017\radiojob\yii(27): yii\base\Application->run()
#22 {main}

Next yii\db\Exception: SQLSTATE[HY000] [1049] Unknown database 'yii2advanced' in C:\xampp\htdocs\project_2017\radiojob\vendor\yiisoft\yii2\db\Connection.php:584
Stack trace:
#0 C:\xampp\htdocs\project_2017\radiojob\vendor\yiisoft\yii2\db\Connection.php(928): yii\db\Connection->open()
#1 C:\xampp\htdocs\project_2017\radiojob\vendor\yiisoft\yii2\db\Connection.php(915): yii\db\Connection->getMasterPdo()
#2 C:\xampp\htdocs\project_2017\radiojob\vendor\yiisoft\yii2\db\Command.php(219): yii\db\Connection->getSlavePdo()
#3 C:\xampp\htdocs\project_2017\radiojob\vendor\yiisoft\yii2\db\Command.php(910): yii\db\Command->prepare(true)
#4 C:\xampp\htdocs\project_2017\radiojob\vendor\yiisoft\yii2\db\Command.php(362): yii\db\Command->queryInternal('fetchAll', NULL)
#5 C:\xampp\htdocs\project_2017\radiojob\vendor\yiisoft\yii2\db\mysql\Schema.php(199): yii\db\Command->queryAll()
#6 C:\xampp\htdocs\project_2017\radiojob\vendor\yiisoft\yii2\db\mysql\Schema.php(98): yii\db\mysql\Schema->findColumns(Object(yii\db\TableSchema))
#7 C:\xampp\htdocs\project_2017\radiojob\vendor\yiisoft\yii2\db\Schema.php(152): yii\db\mysql\Schema->loadTableSchema('migration')
#8 C:\xampp\htdocs\project_2017\radiojob\vendor\yiisoft\yii2\console\controllers\MigrateController.php(194): yii\db\Schema->getTableSchema('{{%migration}}', true)
#9 C:\xampp\htdocs\project_2017\radiojob\vendor\yiisoft\yii2\console\controllers\BaseMigrateController.php(814): yii\console\controllers\MigrateController->getMigrationHistory(NULL)
#10 C:\xampp\htdocs\project_2017\radiojob\vendor\yiisoft\yii2\console\controllers\BaseMigrateController.php(155): yii\console\controllers\BaseMigrateController->getNewMigrations()
#11 [internal function]: yii\console\controllers\BaseMigrateController->actionUp(0)
#12 C:\xampp\htdocs\project_2017\radiojob\vendor\yiisoft\yii2\base\InlineAction.php(57): call_user_func_array(Array, Array)
#13 C:\xampp\htdocs\project_2017\radiojob\vendor\yiisoft\yii2\base\Controller.php(156): yii\base\InlineAction->runWithParams(Array)
#14 C:\xampp\htdocs\project_2017\radiojob\vendor\yiisoft\yii2\console\Controller.php(128): yii\base\Controller->runAction('', Array)
#15 C:\xampp\htdocs\project_2017\radiojob\vendor\yiisoft\yii2\base\Module.php(523): yii\console\Controller->runAction('', Array)
#16 C:\xampp\htdocs\project_2017\radiojob\vendor\yiisoft\yii2\console\Application.php(180): yii\base\Module->runAction('migrate', Array)
#17 C:\xampp\htdocs\project_2017\radiojob\vendor\yiisoft\yii2\console\Application.php(147): yii\console\Application->runAction('migrate', Array)
#18 C:\xampp\htdocs\project_2017\radiojob\vendor\yiisoft\yii2\base\Application.php(380): yii\console\Application->handleRequest(Object(yii\console\Request))
#19 C:\xampp\htdocs\project_2017\radiojob\yii(27): yii\base\Application->run()
#20 {main}
Additional Information:

2017-07-15 09:36:28 [-][-][-][info][application] $_SERVER = [
    'ALLUSERSPROFILE' => 'C:\\ProgramData'
    'APPDATA' => 'C:\\Users\\hp\\AppData\\Roaming'
    'CommonProgramFiles' => 'C:\\Program Files (x86)\\Common Files'
    'CommonProgramFiles(x86)' => 'C:\\Program Files (x86)\\Common Files'
    'CommonProgramW6432' => 'C:\\Program Files\\Common Files'
    'COMPUTERNAME' => 'DESKTOP-5UM3T7T'
    'ComSpec' => 'C:\\WINDOWS\\system32\\cmd.exe'
    'FPS_BROWSER_APP_PROFILE_STRING' => 'Internet Explorer'
    'FPS_BROWSER_USER_PROFILE_STRING' => 'Default'
    'GOOGLE_API_KEY' => 'no'
    'GOOGLE_DEFAULT_CLIENT_ID' => 'no'
    'GOOGLE_DEFAULT_CLIENT_SECRET' => 'no'
    'HOMEDRIVE' => 'C:'
    'HOMEPATH' => '\\Users\\hp'
    'JAVA_HOME' => 'C:\\Program Files\\Java\\jre1.8.0_121\\bin'
    'LOCALAPPDATA' => 'C:\\Users\\hp\\AppData\\Local'
    'LOGONSERVER' => '\\\\DESKTOP-5UM3T7T'
    'NUMBER_OF_PROCESSORS' => '4'
    'OneDrive' => 'C:\\Users\\hp\\OneDrive - University of Phayao'
    'OS' => 'Windows_NT'
    'Path' => 'C:\\ProgramData\\Oracle\\Java\\javapath;C:\\WINDOWS\\system32;C:\\WINDOWS;C:\\WINDOWS\\System32\\Wbem;C:\\WINDOWS\\System32\\WindowsPowerShell\\v1.0\\;C:\\Program Files (x86)\\ATI Technologies\\ATI.ACE\\Core-Static;C:\\xampp\\php;C:\\Program Files\\Git\\cmd;C:\\Program Files\\dotnet\\;C:\\wamp64\\bin\\php\\php5.6.25;C:\\ProgramData\\ComposerSetup\\bin;C:\\Users\\hp\\AppData\\Local\\Microsoft\\WindowsApps;C:\\Users\\hp\\AppData\\Roaming\\Composer\\vendor\\bin'
    'PATHEXT' => '.COM;.EXE;.BAT;.CMD;.VBS;.VBE;.JS;.JSE;.WSF;.WSH;.MSC'
    'PHP_COMMAND' => 'php.exe'
    'PROCESSOR_ARCHITECTURE' => 'x86'
    'PROCESSOR_ARCHITEW6432' => 'AMD64'
    'PROCESSOR_IDENTIFIER' => 'Intel64 Family 6 Model 58 Stepping 9, GenuineIntel'
    'PROCESSOR_LEVEL' => '6'
    'PROCESSOR_REVISION' => '3a09'
    'ProgramData' => 'C:\\ProgramData'
    'ProgramFiles' => 'C:\\Program Files (x86)'
    'ProgramFiles(x86)' => 'C:\\Program Files (x86)'
    'ProgramW6432' => 'C:\\Program Files'
    'PROMPT' => '$P$G'
    'PSModulePath' => 'C:\\Program Files\\WindowsPowerShell\\Modules;C:\\WINDOWS\\system32\\WindowsPowerShell\\v1.0\\Modules'
    'PUBLIC' => 'C:\\Users\\Public'
    'SESSIONNAME' => 'Console'
    'SystemDrive' => 'C:'
    'SystemRoot' => 'C:\\WINDOWS'
    'TEMP' => 'C:\\Users\\hp\\AppData\\Local\\Temp'
    'TMP' => 'C:\\Users\\hp\\AppData\\Local\\Temp'
    'USERDOMAIN' => 'DESKTOP-5UM3T7T'
    'USERDOMAIN_ROAMINGPROFILE' => 'DESKTOP-5UM3T7T'
    'USERNAME' => 'hp'
    'USERPROFILE' => 'C:\\Users\\hp'
    'VS140COMNTOOLS' => 'C:\\Program Files (x86)\\Microsoft Visual Studio 14.0\\Common7\\Tools\\'
    'windir' => 'C:\\WINDOWS'
    'YII_PATH' => 'C:\\xampp\\htdocs\\project_2017\\radiojob\\'
    'PHP_SELF' => 'C:\\xampp\\htdocs\\project_2017\\radiojob\\yii'
    'SCRIPT_NAME' => 'C:\\xampp\\htdocs\\project_2017\\radiojob\\yii'
    'SCRIPT_FILENAME' => 'C:\\xampp\\htdocs\\project_2017\\radiojob\\yii'
    'PATH_TRANSLATED' => 'C:\\xampp\\htdocs\\project_2017\\radiojob\\yii'
    'DOCUMENT_ROOT' => ''
    'REQUEST_TIME_FLOAT' => 1500104188.3079
    'REQUEST_TIME' => 1500104188
    'argv' => [
        0 => 'C:\\xampp\\htdocs\\project_2017\\radiojob\\yii'
        1 => 'migrate'
    ]
    'argc' => 2
]
